<?xml version="1.0" encoding="UTF-8"?>
<!-- Generated by org.testng.reporters.JUnitReportReporter -->
<testsuite hostname="DESKTOP-B5UB9MR" failures="0" tests="5" name="tests.SortTest" time="27.388" errors="0" timestamp="2023-11-18T18:51:14 IST" skipped="0">
  <testcase classname="tests.SortTest" name="tc02_sortLowToHigh" time="5.877"/>
  <testcase classname="tests.SortTest" name="tc01_login" time="3.854"/>
  <testcase classname="tests.SortTest" name="tc03_sortZtoA" time="5.895"/>
  <testcase classname="tests.SortTest" name="tc04_sortHighToLow" time="5.883"/>
  <testcase classname="tests.SortTest" name="tc05_sortAtoZ" time="5.879"/>
</testsuite> <!-- tests.SortTest -->
