<?xml version="1.0" encoding="UTF-8"?>
<!-- Generated by org.testng.reporters.JUnitReportReporter -->
<testsuite hostname="DESKTOP-B5UB9MR" failures="0" tests="1" name="tests.tests_01" time="14.724" errors="0" timestamp="2023-10-19T20:00:57 IDT" skipped="0">
  <testcase classname="tests.tests_01" name="tc01_register" time="14.724"/>
</testsuite> <!-- tests.tests_01 -->
