<?xml version="1.0" encoding="UTF-8"?>
<!-- Generated by org.testng.reporters.JUnitReportReporter -->
<testsuite hostname="DESKTOP-B5UB9MR" failures="0" tests="14" name="tests.RemoveProductsFromCartTest" time="56.533" errors="0" timestamp="2023-10-23T00:30:27 IDT" skipped="0">
  <testcase classname="tests.RemoveProductsFromCartTest" name="tc17_removeBoltTshirt" time="2.071"/>
  <testcase classname="tests.RemoveProductsFromCartTest" name="tc19_removeOnesieFromCart" time="2.064"/>
  <testcase classname="tests.RemoveProductsFromCartTest" name="tc18_removeFleeceJacketFromCart" time="2.096"/>
  <testcase classname="tests.RemoveProductsFromCartTest" name="tc10_addBoltTshirtToCart" time="6.195"/>
  <testcase classname="tests.RemoveProductsFromCartTest" name="tc16_removeBikeLightFromCart" time="2.090"/>
  <testcase classname="tests.RemoveProductsFromCartTest" name="tc09_addBikeLightToCart" time="6.224"/>
  <testcase classname="tests.RemoveProductsFromCartTest" name="tc08_addBackPackToCart" time="6.263"/>
  <testcase classname="tests.RemoveProductsFromCartTest" name="tc12_addOnsieToCart" time="6.266"/>
  <testcase classname="tests.RemoveProductsFromCartTest" name="tc20_removeTshirtRedFromCart" time="4.139"/>
  <testcase classname="tests.RemoveProductsFromCartTest" name="tc13_addTshirtRedToCart" time="6.306"/>
  <testcase classname="tests.RemoveProductsFromCartTest" name="login" time="2.340"/>
  <testcase classname="tests.RemoveProductsFromCartTest" name="tc11_addFleeceJacketToCart" time="6.275"/>
  <testcase classname="tests.RemoveProductsFromCartTest" name="tc14_removeBackpackFromCart" time="4.152"/>
  <testcase classname="tests.RemoveProductsFromCartTest" name="tc15_removeBackpackFromCart" time="0.052"/>
</testsuite> <!-- tests.RemoveProductsFromCartTest -->
