<?xml version="1.0" encoding="UTF-8"?>
<!-- Generated by org.testng.reporters.JUnitReportReporter -->
<testsuite hostname="DESKTOP-B5UB9MR" failures="0" tests="7" name="tests.ChooseProductTest" time="39.908" errors="0" timestamp="2023-10-30T13:36:58 IST" skipped="0">
  <testcase classname="tests.ChooseProductTest" name="tc09_addBikeLightToCart" time="6.219"/>
  <testcase classname="tests.ChooseProductTest" name="tc13_addTshirtRedToCart" time="6.230"/>
  <testcase classname="tests.ChooseProductTest" name="tc12_addOnsieToCart" time="6.266"/>
  <testcase classname="tests.ChooseProductTest" name="login" time="2.463"/>
  <testcase classname="tests.ChooseProductTest" name="tc08_addBackPackToCart" time="6.280"/>
  <testcase classname="tests.ChooseProductTest" name="tc10_addBoltTshirtToCart" time="6.185"/>
  <testcase classname="tests.ChooseProductTest" name="tc11_addFleeceJacketToCart" time="6.265"/>
</testsuite> <!-- tests.ChooseProductTest -->
