<?xml version="1.0" encoding="UTF-8"?>
<!-- Generated by org.testng.reporters.JUnitReportReporter -->
<testsuite hostname="DESKTOP-B5UB9MR" failures="0" tests="5" name="tests.CheckoutTest" time="22.575" errors="0" timestamp="2023-11-18T18:51:14 IST" skipped="0">
  <testcase classname="tests.CheckoutTest" name="tc01_login" time="3.784"/>
  <testcase classname="tests.CheckoutTest" name="tc03_addToCart" time="2.485"/>
  <testcase classname="tests.CheckoutTest" name="tc04_addToCart" time="2.446"/>
  <testcase classname="tests.CheckoutTest" name="tc05_checkout" time="11.320"/>
  <testcase classname="tests.CheckoutTest" name="tc02_addToCart" time="2.540"/>
</testsuite> <!-- tests.CheckoutTest -->
