<?xml version="1.0" encoding="UTF-8"?>
<!-- Generated by org.testng.reporters.JUnitReportReporter -->
<testsuite hostname="DESKTOP-B5UB9MR" failures="0" tests="14" name="tests.ProductsAddTest" time="57.394" errors="0" timestamp="2023-10-30T15:29:19 IST" skipped="0">
  <testcase classname="tests.ProductsAddTest" name="tc06_addProducts" time="6.273"/>
  <testcase classname="tests.ProductsAddTest" name="tc05_addProducts" time="6.259"/>
  <testcase classname="tests.ProductsAddTest" name="tc02_addProducts" time="6.272"/>
  <testcase classname="tests.ProductsAddTest" name="tc11_removeBoltTshirt" time="2.068"/>
  <testcase classname="tests.ProductsAddTest" name="tc03_addProducts" time="6.339"/>
  <testcase classname="tests.ProductsAddTest" name="tc08_removeBackpackFromCart" time="4.159"/>
  <testcase classname="tests.ProductsAddTest" name="tc13_removeOnesieFromCart" time="2.082"/>
  <testcase classname="tests.ProductsAddTest" name="tc01_login" time="2.990"/>
  <testcase classname="tests.ProductsAddTest" name="tc09_removeBackpackFromCart" time="0.067"/>
  <testcase classname="tests.ProductsAddTest" name="tc12_removeFleeceJacketFromCart" time="2.075"/>
  <testcase classname="tests.ProductsAddTest" name="tc14_removeTshirtRedFromCart" time="4.155"/>
  <testcase classname="tests.ProductsAddTest" name="tc07_addProducts" time="6.272"/>
  <testcase classname="tests.ProductsAddTest" name="tc10_removeBikeLightFromCart" time="2.078"/>
  <testcase classname="tests.ProductsAddTest" name="tc04_addProducts" time="6.305"/>
</testsuite> <!-- tests.ProductsAddTest -->
