<?xml version="1.0" encoding="UTF-8"?>
<!-- Generated by org.testng.reporters.JUnitReportReporter -->
<testsuite hostname="DESKTOP-B5UB9MR" failures="0" tests="2" name="tests.LoginTest" time="13.030" errors="0" timestamp="2023-11-18T18:51:14 IST" skipped="0">
  <testcase classname="tests.LoginTest" name="tc01_login" time="3.897"/>
  <testcase classname="tests.LoginTest" name="tc01_incorrectLogin" time="9.133"/>
</testsuite> <!-- tests.LoginTest -->
