<?xml version="1.0" encoding="UTF-8"?>
<!-- Generated by org.testng.reporters.JUnitReportReporter -->
<testsuite hostname="DESKTOP-B5UB9MR" failures="0" tests="8" name="tests.ChooseProductsAndResetCartTest" time="23.809" errors="0" timestamp="2023-11-18T18:51:14 IST" skipped="0">
  <testcase classname="tests.ChooseProductsAndResetCartTest" name="tc05_addToCart" time="2.478"/>
  <testcase classname="tests.ChooseProductsAndResetCartTest" name="tc04_addToCart" time="2.452"/>
  <testcase classname="tests.ChooseProductsAndResetCartTest" name="tc08_clickResetAppState" time="4.885"/>
  <testcase classname="tests.ChooseProductsAndResetCartTest" name="tc02_addToCart" time="2.556"/>
  <testcase classname="tests.ChooseProductsAndResetCartTest" name="tc03_addToCart" time="2.490"/>
  <testcase classname="tests.ChooseProductsAndResetCartTest" name="tc07_addToCart" time="2.562"/>
  <testcase classname="tests.ChooseProductsAndResetCartTest" name="tc01_login" time="3.818"/>
  <testcase classname="tests.ChooseProductsAndResetCartTest" name="tc06_addToCart" time="2.568"/>
</testsuite> <!-- tests.ChooseProductsAndResetCartTest -->
