<?xml version="1.0" encoding="UTF-8"?>
<!-- Generated by org.testng.reporters.JUnitReportReporter -->
<testsuite hostname="DESKTOP-B5UB9MR" failures="0" tests="13" name="tests.ProductsAddAndRemoveTest" time="67.440" errors="0" timestamp="2023-11-18T18:51:14 IST" skipped="0">
  <testcase classname="tests.ProductsAddAndRemoveTest" name="tc01_login" time="3.834"/>
  <testcase classname="tests.ProductsAddAndRemoveTest" name="tc02_addProducts" time="7.325"/>
  <testcase classname="tests.ProductsAddAndRemoveTest" name="tc09_removeProducts" time="2.458"/>
  <testcase classname="tests.ProductsAddAndRemoveTest" name="tc04_addProducts" time="7.310"/>
  <testcase classname="tests.ProductsAddAndRemoveTest" name="tc11_removeProducts" time="2.480"/>
  <testcase classname="tests.ProductsAddAndRemoveTest" name="tc05_addProducts" time="7.314"/>
  <testcase classname="tests.ProductsAddAndRemoveTest" name="tc08_removeProducts" time="4.902"/>
  <testcase classname="tests.ProductsAddAndRemoveTest" name="tc12_removeProducts" time="2.484"/>
  <testcase classname="tests.ProductsAddAndRemoveTest" name="tc06_addProducts" time="7.312"/>
  <testcase classname="tests.ProductsAddAndRemoveTest" name="tc13_removeProducts" time="4.883"/>
  <testcase classname="tests.ProductsAddAndRemoveTest" name="tc10_removeProducts" time="2.466"/>
  <testcase classname="tests.ProductsAddAndRemoveTest" name="tc07_addProducts" time="7.327"/>
  <testcase classname="tests.ProductsAddAndRemoveTest" name="tc03_addProducts" time="7.345"/>
</testsuite> <!-- tests.ProductsAddAndRemoveTest -->
